e:\dropbox\code\c++\pongclone4000\pongclone4000\debug\vc141.pdb
e:\dropbox\code\c++\pongclone4000\pongclone4000\debug\vc141.idb
e:\dropbox\code\c++\pongclone4000\pongclone4000\debug\util.obj
e:\dropbox\code\c++\pongclone4000\pongclone4000\debug\timer.obj
e:\dropbox\code\c++\pongclone4000\pongclone4000\debug\mediacache.obj
e:\dropbox\code\c++\pongclone4000\pongclone4000\debug\main.obj
e:\dropbox\code\c++\pongclone4000\pongclone4000\debug\imagecache.obj
e:\dropbox\code\c++\pongclone4000\pongclone4000\debug\gametexture.obj
e:\dropbox\code\c++\pongclone4000\pongclone4000\debug\fontcache.obj
e:\dropbox\code\c++\pongclone4000\pongclone4000\debug\engine.obj
e:\dropbox\code\c++\pongclone4000\pongclone4000\debug\controls.obj
e:\dropbox\code\c++\pongclone4000\pongclone4000\debug\collisionengine.obj
e:\dropbox\code\c++\pongclone4000\pongclone4000\debug\title.obj
e:\dropbox\code\c++\pongclone4000\pongclone4000\debug\textcache.obj
e:\dropbox\code\c++\pongclone4000\pongclone4000\debug\statemachine.obj
e:\dropbox\code\c++\pongclone4000\pongclone4000\debug\sprite.obj
e:\dropbox\code\c++\pongclone4000\pongclone4000\debug\game.obj
e:\dropbox\code\c++\pongclone4000\pongclone4000\debug\bat.obj
e:\dropbox\code\c++\pongclone4000\pongclone4000\debug\ball.obj
e:\dropbox\code\c++\pongclone4000\debug\pongclone4000.exe
e:\dropbox\code\c++\pongclone4000\debug\pongclone4000.ilk
e:\dropbox\code\c++\pongclone4000\debug\pongclone4000.pdb
d:\dropbox\code\c++\pongclone4000\pongclone4000\debug\bat.obj
d:\dropbox\code\c++\pongclone4000\pongclone4000\debug\collisionengine.obj
d:\dropbox\code\c++\pongclone4000\pongclone4000\debug\controls.obj
d:\dropbox\code\c++\pongclone4000\pongclone4000\debug\engine.obj
d:\dropbox\code\c++\pongclone4000\pongclone4000\debug\fontcache.obj
d:\dropbox\code\c++\pongclone4000\pongclone4000\debug\game.obj
d:\dropbox\code\c++\pongclone4000\pongclone4000\debug\gametexture.obj
d:\dropbox\code\c++\pongclone4000\pongclone4000\debug\imagecache.obj
d:\dropbox\code\c++\pongclone4000\pongclone4000\debug\main.obj
d:\dropbox\code\c++\pongclone4000\pongclone4000\debug\mediacache.obj
d:\dropbox\code\c++\pongclone4000\pongclone4000\debug\sprite.obj
d:\dropbox\code\c++\pongclone4000\pongclone4000\debug\statemachine.obj
d:\dropbox\code\c++\pongclone4000\pongclone4000\debug\textcache.obj
d:\dropbox\code\c++\pongclone4000\pongclone4000\debug\timer.obj
d:\dropbox\code\c++\pongclone4000\pongclone4000\debug\title.obj
d:\dropbox\code\c++\pongclone4000\pongclone4000\debug\util.obj
d:\dropbox\code\c++\pongclone4000\pongclone4000\debug\vc141.idb
d:\dropbox\code\c++\pongclone4000\pongclone4000\debug\vc141.pdb
d:\dropbox\code\c++\pongclone4000\debug\pongclone4000.pdb
d:\dropbox\code\c++\pongclone4000\debug\pongclone4000.exe
d:\dropbox\code\c++\pongclone4000\debug\pongclone4000.ilk
d:\dropbox\code\c++\pongclone4000\pongclone4000\debug\pongclone4000.tlog\cl.command.1.tlog
d:\dropbox\code\c++\pongclone4000\pongclone4000\debug\pongclone4000.tlog\cl.read.1.tlog
d:\dropbox\code\c++\pongclone4000\pongclone4000\debug\pongclone4000.tlog\cl.write.1.tlog
d:\dropbox\code\c++\pongclone4000\pongclone4000\debug\pongclone4000.tlog\link.command.1.tlog
d:\dropbox\code\c++\pongclone4000\pongclone4000\debug\pongclone4000.tlog\link.read.1.tlog
d:\dropbox\code\c++\pongclone4000\pongclone4000\debug\pongclone4000.tlog\link.write.1.tlog
